Using pre-set license
Built from '2020.3/staging' branch; Version is '2020.3.39f1 (fd6670bb8be9) revision 16606832'; Using compiler version '192528614'; Build Type 'Release'
OS: 'Windows 10  (10.0.19044) 64bit CoreSingleLanguage' Language: 'ru' Physical Memory: 8111 MB
BatchMode: 1, IsHumanControllingUs: 0, StartBugReporterOnCrash: 0, Is64bit: 1, IsPro: 0

COMMAND LINE ARGUMENTS:
D:\unity\2020.3.39f1\Editor\Unity.exe
-adb2
-batchMode
-noUpm
-name
AssetImportWorker0
-projectPath
C:/Users/amidi/OneDrive/Документы/GitHub/animation/My project (1)
-logFile
Logs/AssetImportWorker0.log
-srvPort
60686
Successfully changed project path to: C:/Users/amidi/OneDrive/Документы/GitHub/animation/My project (1)
C:/Users/amidi/OneDrive/Документы/GitHub/animation/My project (1)
Using Asset Import Pipeline V2.
Refreshing native plugins compatible for Editor in 69.99 ms, found 3 plugins.
Preloading 0 native plugins for Editor in 0.00 ms.
Initialize engine version: 2020.3.39f1 (fd6670bb8be9)
[Subsystems] Discovering subsystems at path D:/unity/2020.3.39f1/Editor/Data/Resources/UnitySubsystems
[Subsystems] Discovering subsystems at path C:/Users/amidi/OneDrive/Документы/GitHub/animation/My project (1)/Assets
GfxDevice: creating device client; threaded=0
Direct3D:
    Version:  Direct3D 11.0 [level 11.0]
    Renderer: NVIDIA GeForce GT 750M (ID=0xfe4)
    Vendor:   
    VRAM:     2009 MB
    Driver:   25.21.14.2531
Initialize mono
Mono path[0] = 'D:/unity/2020.3.39f1/Editor/Data/Managed'
Mono path[1] = 'D:/unity/2020.3.39f1/Editor/Data/MonoBleedingEdge/lib/mono/unityjit'
Mono config path = 'D:/unity/2020.3.39f1/Editor/Data/MonoBleedingEdge/etc'
Using monoOptions --debugger-agent=transport=dt_socket,embedding=1,server=y,suspend=n,address=127.0.0.1:56588
Begin MonoManager ReloadAssembly
Registering precompiled unity dll's ...
Register platform support module: D:/unity/2020.3.39f1/Editor/Data/PlaybackEngines/WindowsStandaloneSupport/UnityEditor.WindowsStandalone.Extensions.dll
Registered in 0.001676 seconds.
Native extension for WindowsStandalone target not found
Refreshing native plugins compatible for Editor in 74.95 ms, found 3 plugins.
Preloading 0 native plugins for Editor in 0.00 ms.
Mono: successfully reloaded assembly
- Completed reload, in  1.035 seconds
Domain Reload Profiling:
	ReloadAssembly (1035ms)
		BeginReloadAssembly (114ms)
			ExecutionOrderSort (0ms)
			DisableScriptedObjects (0ms)
			BackupInstance (0ms)
			ReleaseScriptingObjects (0ms)
			CreateAndSetChildDomain (1ms)
		EndReloadAssembly (790ms)
			LoadAssemblies (112ms)
			RebuildTransferFunctionScriptingTraits (0ms)
			SetupTypeCache (303ms)
			ReleaseScriptCaches (0ms)
			RebuildScriptCaches (46ms)
			SetupLoadedEditorAssemblies (285ms)
				LogAssemblyErrors (0ms)
				InitializePlatformSupportModulesInManaged (7ms)
				SetLoadedEditorAssemblies (0ms)
				RefreshPlugins (75ms)
				BeforeProcessingInitializeOnLoad (14ms)
				ProcessInitializeOnLoadAttributes (144ms)
				ProcessInitializeOnLoadMethodAttributes (45ms)
				AfterProcessingInitializeOnLoad (0ms)
				EditorAssembliesLoaded (0ms)
			ExecutionOrderSort2 (0ms)
			AwakeInstancesAfterBackupRestoration (0ms)
Platform modules already initialized, skipping
Registering precompiled user dll's ...
Registered in 0.003999 seconds.
Begin MonoManager ReloadAssembly
Native extension for WindowsStandalone target not found
Refreshing native plugins compatible for Editor in 74.64 ms, found 3 plugins.
Preloading 0 native plugins for Editor in 0.00 ms.
Mono: successfully reloaded assembly
- Completed reload, in  2.014 seconds
Domain Reload Profiling:
	ReloadAssembly (2015ms)
		BeginReloadAssembly (246ms)
			ExecutionOrderSort (0ms)
			DisableScriptedObjects (9ms)
			BackupInstance (0ms)
			ReleaseScriptingObjects (0ms)
			CreateAndSetChildDomain (28ms)
		EndReloadAssembly (1573ms)
			LoadAssemblies (188ms)
			RebuildTransferFunctionScriptingTraits (0ms)
			SetupTypeCache (545ms)
			ReleaseScriptCaches (1ms)
			RebuildScriptCaches (77ms)
			SetupLoadedEditorAssemblies (565ms)
				LogAssemblyErrors (0ms)
				InitializePlatformSupportModulesInManaged (5ms)
				SetLoadedEditorAssemblies (0ms)
				RefreshPlugins (75ms)
				BeforeProcessingInitializeOnLoad (110ms)
				ProcessInitializeOnLoadAttributes (339ms)
				ProcessInitializeOnLoadMethodAttributes (32ms)
				AfterProcessingInitializeOnLoad (3ms)
				EditorAssembliesLoaded (0ms)
			ExecutionOrderSort2 (0ms)
			AwakeInstancesAfterBackupRestoration (3ms)
Platform modules already initialized, skipping
========================================================================
Worker process is ready to serve import requests
Launched and connected shader compiler UnityShaderCompiler.exe after 0.06 seconds
Refreshing native plugins compatible for Editor in 0.64 ms, found 3 plugins.
Preloading 0 native plugins for Editor in 0.00 ms.
Unloading 2220 Unused Serialized files (Serialized files now loaded: 0)
System memory in use before: 98.2 MB.
System memory in use after: 98.1 MB.

Unloading 31 unused Assets to reduce memory usage. Loaded Objects now: 2652.
Total: 5.028400 ms (FindLiveObjects: 0.289600 ms CreateObjectMapping: 0.239800 ms MarkObjects: 4.286800 ms  DeleteObjects: 0.210900 ms)

AssetImportParameters requested are different than current active one (requested -> active):
  custom:framework-win-MediaFoundation: 216162199b28c13a410421893ffa2e32 -> 
  custom:video-decoder-ogg-theora: a1e56fd34408186e4bbccfd4996cb3dc -> 
  custom:container-muxer-webm: aa71ff27fc2769a1b78a27578f13a17b -> 
  custom:container-demuxer-webm: 4f35f7cbe854078d1ac9338744f61a02 -> 
  custom:container-demuxer-ogg: 62fdf1f143b41e24485cea50d1cbac27 -> 
  custom:video-encoder-webm-vp8: eb34c28f22e8b96e1ab97ce403110664 -> 
  custom:video-decoder-webm-vp8: 9c59270c3fd7afecdb556c50c9e8de78 -> 
  custom:audio-decoder-ogg-vorbis: bf7c407c2cedff20999df2af8eb42d56 -> 
  custom:audio-encoder-webm-vorbis: bf7c407c2cedff20999df2af8eb42d56 -> 
========================================================================
Received Import Request.
  path: Assets/Scenes/animation/sprite/character_robot_sheetHD.png
  artifactKey: Guid(daaa4ce82d85f274f8edb21dc5e97281) Importer(815301076,1909f56bfc062723c751e8b465ee728b)
Start importing Assets/Scenes/animation/sprite/character_robot_sheetHD.png using Guid(daaa4ce82d85f274f8edb21dc5e97281) Importer(815301076,1909f56bfc062723c751e8b465ee728b)  -> (artifact id: '29e11a2a7fe53264b81fccaf5b75ba95') in 0.506976 seconds 
========================================================================
Received Import Request.
  Time since last request: 0.000324 seconds.
  path: Assets/Scenes/animation/sprite/character_malePerson_sheetHD.png
  artifactKey: Guid(606dfecc5d2c0c64d80ecedb3fd11b1f) Importer(815301076,1909f56bfc062723c751e8b465ee728b)
Start importing Assets/Scenes/animation/sprite/character_malePerson_sheetHD.png using Guid(606dfecc5d2c0c64d80ecedb3fd11b1f) Importer(815301076,1909f56bfc062723c751e8b465ee728b)  -> (artifact id: '3790e38289df3c47b3633d89ab3ad89a') in 0.337240 seconds 
========================================================================
Received Import Request.
  Time since last request: 0.000280 seconds.
  path: Assets/Scenes
  artifactKey: Guid(131a6b21c8605f84396be9f6751fb6e3) Importer(815301076,1909f56bfc062723c751e8b465ee728b)
Start importing Assets/Scenes using Guid(131a6b21c8605f84396be9f6751fb6e3) Importer(815301076,1909f56bfc062723c751e8b465ee728b)  -> (artifact id: 'df75b7d1a31c5b4f73fd45661b403b04') in 0.009872 seconds 
========================================================================
Received Import Request.
  Time since last request: 0.000291 seconds.
  path: Assets/Scenes/animation
  artifactKey: Guid(a123c8af137013f40af54ad4c41eb24a) Importer(815301076,1909f56bfc062723c751e8b465ee728b)
Start importing Assets/Scenes/animation using Guid(a123c8af137013f40af54ad4c41eb24a) Importer(815301076,1909f56bfc062723c751e8b465ee728b)  -> (artifact id: '275627cd3017e5a29fb81c987aed4c43') in 0.017313 seconds 
========================================================================
Received Import Request.
  Time since last request: 0.000293 seconds.
  path: Assets/Scenes/animation/sprite
  artifactKey: Guid(eb655c0628981bb47983ea417cb48973) Importer(815301076,1909f56bfc062723c751e8b465ee728b)
Start importing Assets/Scenes/animation/sprite using Guid(eb655c0628981bb47983ea417cb48973) Importer(815301076,1909f56bfc062723c751e8b465ee728b)  -> (artifact id: 'aa1a0de5770f143c1dd2b789245da03c') in 0.012221 seconds 
========================================================================
Received Import Request.
  Time since last request: 0.000367 seconds.
  path: Assets/Scenes/animation/sprite/character_zombie_sheetHD.png
  artifactKey: Guid(badd0bdaf14fadf43b633166f3171b83) Importer(815301076,1909f56bfc062723c751e8b465ee728b)
Start importing Assets/Scenes/animation/sprite/character_zombie_sheetHD.png using Guid(badd0bdaf14fadf43b633166f3171b83) Importer(815301076,1909f56bfc062723c751e8b465ee728b)  -> (artifact id: '37057e8cb93ca3d771766fc57e8cb3fe') in 0.280087 seconds 
========================================================================
Received Import Request.
  Time since last request: 27.345283 seconds.
  path: Assets/Scenes/animation/controlrer people
  artifactKey: Guid(c8c5369e9a2ef1540aab3f71f1c7ccc7) Importer(815301076,1909f56bfc062723c751e8b465ee728b)
Start importing Assets/Scenes/animation/controlrer people using Guid(c8c5369e9a2ef1540aab3f71f1c7ccc7) Importer(815301076,1909f56bfc062723c751e8b465ee728b)  -> (artifact id: '1e6209cffbc2c459133d5c6c095a4565') in 0.011254 seconds 
========================================================================
Received Import Request.
  Time since last request: 0.874624 seconds.
  path: Assets/Scenes/animation/controlrer people/people.controller
  artifactKey: Guid(ba99878da486b434f91c908704f03f97) Importer(815301076,1909f56bfc062723c751e8b465ee728b)
Start importing Assets/Scenes/animation/controlrer people/people.controller using Guid(ba99878da486b434f91c908704f03f97) Importer(815301076,1909f56bfc062723c751e8b465ee728b)  -> (artifact id: 'ef7a5b5884472db1c1321131ff60a057') in 0.020017 seconds 
========================================================================
Received Import Request.
  Time since last request: 8.022313 seconds.
  path: Assets/Scenes/animation/Animated Character 3
  artifactKey: Guid(0aeabbbf251a868409412f3afbe5675e) Importer(815301076,1909f56bfc062723c751e8b465ee728b)
Start importing Assets/Scenes/animation/Animated Character 3 using Guid(0aeabbbf251a868409412f3afbe5675e) Importer(815301076,1909f56bfc062723c751e8b465ee728b)  -> (artifact id: '3de6708d38469e287f04be7222e51886') in 0.013140 seconds 
========================================================================
Received Import Request.
  Time since last request: 0.537937 seconds.
  path: Assets/Scenes/animation/Animated Character 3/Animations
  artifactKey: Guid(774cf3db0ee866147ad9747b8c66e447) Importer(815301076,1909f56bfc062723c751e8b465ee728b)
Start importing Assets/Scenes/animation/Animated Character 3/Animations using Guid(774cf3db0ee866147ad9747b8c66e447) Importer(815301076,1909f56bfc062723c751e8b465ee728b)  -> (artifact id: 'db52c20d98c6ee53583867f9eb201dc5') in 0.010784 seconds 
========================================================================
Received Import Request.
  Time since last request: 1.534273 seconds.
  path: Assets/Scenes/animation/Animated Character 3/Skins
  artifactKey: Guid(38af35433a91b4b4aa93f78eb8d90262) Importer(815301076,1909f56bfc062723c751e8b465ee728b)
Start importing Assets/Scenes/animation/Animated Character 3/Skins using Guid(38af35433a91b4b4aa93f78eb8d90262) Importer(815301076,1909f56bfc062723c751e8b465ee728b)  -> (artifact id: 'f43141706d1f07a919db7b717d21e235') in 0.014447 seconds 
========================================================================
Received Import Request.
  Time since last request: 1.584574 seconds.
  path: Assets/Scenes/animation/Animated Character 3/Skins/humanFemaleA.png
  artifactKey: Guid(1a249ade6ebc9cd4394a00086ec37c82) Importer(815301076,1909f56bfc062723c751e8b465ee728b)
Start importing Assets/Scenes/animation/Animated Character 3/Skins/humanFemaleA.png using Guid(1a249ade6ebc9cd4394a00086ec37c82) Importer(815301076,1909f56bfc062723c751e8b465ee728b)  -> (artifact id: '1ac75431271dc2b14ed580a722010451') in 0.023766 seconds 
========================================================================
Received Import Request.
  Time since last request: 0.000315 seconds.
  path: Assets/Scenes/animation/Animated Character 3/Skins/humanMaleA.png
  artifactKey: Guid(c99a08a784f27ac4397177677e1fe02f) Importer(815301076,1909f56bfc062723c751e8b465ee728b)
Start importing Assets/Scenes/animation/Animated Character 3/Skins/humanMaleA.png using Guid(c99a08a784f27ac4397177677e1fe02f) Importer(815301076,1909f56bfc062723c751e8b465ee728b)  -> (artifact id: '2266ae97dc1a563a4c2dca587eabfa28') in 0.043252 seconds 
========================================================================
Received Import Request.
  Time since last request: 0.000697 seconds.
  path: Assets/Scenes/animation/Animated Character 3/Skins/zombieMaleA.png
  artifactKey: Guid(547b27c4170c66a44a6deee492733c0e) Importer(815301076,1909f56bfc062723c751e8b465ee728b)
Start importing Assets/Scenes/animation/Animated Character 3/Skins/zombieMaleA.png using Guid(547b27c4170c66a44a6deee492733c0e) Importer(815301076,1909f56bfc062723c751e8b465ee728b)  -> (artifact id: 'd3700987bf6020a2cb91df7a7d646b0a') in 0.033827 seconds 
========================================================================
Received Import Request.
  Time since last request: 0.000322 seconds.
  path: Assets/Scenes/animation/Animated Character 3/Skins/zombieFemaleA.png
  artifactKey: Guid(fd2ceb2d9e0583d4dbfd756f3b9d6095) Importer(815301076,1909f56bfc062723c751e8b465ee728b)
Start importing Assets/Scenes/animation/Animated Character 3/Skins/zombieFemaleA.png using Guid(fd2ceb2d9e0583d4dbfd756f3b9d6095) Importer(815301076,1909f56bfc062723c751e8b465ee728b)  -> (artifact id: '3dae68fd4052fcbf752db14eae37ddb0') in 0.031268 seconds 
========================================================================
Received Import Request.
  Time since last request: 3.314102 seconds.
  path: Assets/Scenes/animation/Animated Character 3/Models
  artifactKey: Guid(445fe3f1ef2788345895df7023b7bc45) Importer(815301076,1909f56bfc062723c751e8b465ee728b)
Start importing Assets/Scenes/animation/Animated Character 3/Models using Guid(445fe3f1ef2788345895df7023b7bc45) Importer(815301076,1909f56bfc062723c751e8b465ee728b)  -> (artifact id: 'dca8cd19dcef46cbe7a282164c904ab9') in 0.012220 seconds 
========================================================================
Received Import Request.
  Time since last request: 0.045466 seconds.
  path: Assets/Scenes/animation/Animated Character 3/Models/characterMedium.fbx
  artifactKey: Guid(7ee836d470c7821438a87a304a93f52f) Importer(815301076,1909f56bfc062723c751e8b465ee728b)
Start importing Assets/Scenes/animation/Animated Character 3/Models/characterMedium.fbx using Guid(7ee836d470c7821438a87a304a93f52f) Importer(815301076,1909f56bfc062723c751e8b465ee728b)  -> (artifact id: '92fdfa9bb86a8c8104784db84496e512') in 0.506257 seconds 
========================================================================
Received Import Request.
  Time since last request: 1.857397 seconds.
  path: Assets/Scenes/animation/Animated Character 3/Animations/idle.fbx
  artifactKey: Guid(a45eb8c6718b3914da5ce8ba982c3019) Importer(815301076,1909f56bfc062723c751e8b465ee728b)
Start importing Assets/Scenes/animation/Animated Character 3/Animations/idle.fbx using Guid(a45eb8c6718b3914da5ce8ba982c3019) Importer(815301076,1909f56bfc062723c751e8b465ee728b)  -> (artifact id: '95be016ae7d69566eb1bf4dc517446ab') in 0.023438 seconds 
========================================================================
Received Import Request.
  Time since last request: 0.000361 seconds.
  path: Assets/Scenes/animation/Animated Character 3/Animations/run.fbx
  artifactKey: Guid(091b04faaf7de614886c6e27a9bf787b) Importer(815301076,1909f56bfc062723c751e8b465ee728b)
Start importing Assets/Scenes/animation/Animated Character 3/Animations/run.fbx using Guid(091b04faaf7de614886c6e27a9bf787b) Importer(815301076,1909f56bfc062723c751e8b465ee728b)  -> (artifact id: '033daddb8e2a201e9eb9dc65e7e45e45') in 0.037116 seconds 
========================================================================
Received Import Request.
  Time since last request: 0.000437 seconds.
  path: Assets/Scenes/animation/Animated Character 3/Animations/jump.fbx
  artifactKey: Guid(e1e7657d1755ea44ab58f8c02f14e437) Importer(815301076,1909f56bfc062723c751e8b465ee728b)
Start importing Assets/Scenes/animation/Animated Character 3/Animations/jump.fbx using Guid(e1e7657d1755ea44ab58f8c02f14e437) Importer(815301076,1909f56bfc062723c751e8b465ee728b)  -> (artifact id: '9867d37824c00ef46ad9b496ba01012f') in 0.031859 seconds 
========================================================================
Received Import Request.
  Time since last request: 5.869740 seconds.
  path: Assets/Scenes/animation/controler robot
  artifactKey: Guid(76f9758737e0a22468dca613c8ce9c32) Importer(815301076,1909f56bfc062723c751e8b465ee728b)
Start importing Assets/Scenes/animation/controler robot using Guid(76f9758737e0a22468dca613c8ce9c32) Importer(815301076,1909f56bfc062723c751e8b465ee728b)  -> (artifact id: '8b7372e77483460f3c1be27a39971147') in 0.012024 seconds 
========================================================================
Received Import Request.
  Time since last request: 18.296456 seconds.
  path: Assets/Scenes/animation/controler zomdi
  artifactKey: Guid(554631a2ff28525479e7fc7423cfc18b) Importer(815301076,1909f56bfc062723c751e8b465ee728b)
Start importing Assets/Scenes/animation/controler zomdi using Guid(554631a2ff28525479e7fc7423cfc18b) Importer(815301076,1909f56bfc062723c751e8b465ee728b)  -> (artifact id: '97c2d1ba4b1c367f083039ee697dd6d4') in 0.014993 seconds 
========================================================================
Received Import Request.
  Time since last request: 170.015640 seconds.
  path: Assets/Scenes/animation/sprite/cerect.anim
  artifactKey: Guid(a7876eb6116181f42b44ea85352db5b4) Importer(815301076,1909f56bfc062723c751e8b465ee728b)
Start importing Assets/Scenes/animation/sprite/cerect.anim using Guid(a7876eb6116181f42b44ea85352db5b4) Importer(815301076,1909f56bfc062723c751e8b465ee728b)  -> (artifact id: '232f111894fa38b5c60cca36b926afa8') in 0.012744 seconds 
========================================================================
Received Prepare
Registering precompiled user dll's ...
Registered in 0.004352 seconds.
Begin MonoManager ReloadAssembly
Native extension for WindowsStandalone target not found
Refreshing native plugins compatible for Editor in 0.65 ms, found 3 plugins.
Preloading 0 native plugins for Editor in 0.00 ms.
Mono: successfully reloaded assembly
- Completed reload, in  1.589 seconds
Domain Reload Profiling:
	ReloadAssembly (1590ms)
		BeginReloadAssembly (167ms)
			ExecutionOrderSort (0ms)
			DisableScriptedObjects (12ms)
			BackupInstance (0ms)
			ReleaseScriptingObjects (0ms)
			CreateAndSetChildDomain (54ms)
		EndReloadAssembly (1337ms)
			LoadAssemblies (136ms)
			RebuildTransferFunctionScriptingTraits (0ms)
			SetupTypeCache (463ms)
			ReleaseScriptCaches (1ms)
			RebuildScriptCaches (103ms)
			SetupLoadedEditorAssemblies (473ms)
				LogAssemblyErrors (0ms)
				InitializePlatformSupportModulesInManaged (6ms)
				SetLoadedEditorAssemblies (1ms)
				RefreshPlugins (1ms)
				BeforeProcessingInitializeOnLoad (85ms)
				ProcessInitializeOnLoadAttributes (349ms)
				ProcessInitializeOnLoadMethodAttributes (28ms)
				AfterProcessingInitializeOnLoad (4ms)
				EditorAssembliesLoaded (0ms)
			ExecutionOrderSort2 (0ms)
			AwakeInstancesAfterBackupRestoration (7ms)
Platform modules already initialized, skipping
Refreshing native plugins compatible for Editor in 0.64 ms, found 3 plugins.
Preloading 0 native plugins for Editor in 0.00 ms.
Unloading 2215 Unused Serialized files (Serialized files now loaded: 0)
System memory in use before: 101.8 MB.
System memory in use after: 101.8 MB.

Unloading 20 unused Assets to reduce memory usage. Loaded Objects now: 2798.
Total: 4.709500 ms (FindLiveObjects: 0.425800 ms CreateObjectMapping: 0.302000 ms MarkObjects: 3.790300 ms  DeleteObjects: 0.189700 ms)

AssetImportParameters requested are different than current active one (requested -> active):
  custom:framework-win-MediaFoundation: 216162199b28c13a410421893ffa2e32 -> 
  custom:video-decoder-ogg-theora: a1e56fd34408186e4bbccfd4996cb3dc -> 
  custom:container-muxer-webm: aa71ff27fc2769a1b78a27578f13a17b -> 
  custom:container-demuxer-webm: 4f35f7cbe854078d1ac9338744f61a02 -> 
  custom:container-demuxer-ogg: 62fdf1f143b41e24485cea50d1cbac27 -> 
  custom:video-encoder-webm-vp8: eb34c28f22e8b96e1ab97ce403110664 -> 
  custom:video-decoder-webm-vp8: 9c59270c3fd7afecdb556c50c9e8de78 -> 
  custom:audio-decoder-ogg-vorbis: bf7c407c2cedff20999df2af8eb42d56 -> 
  custom:audio-encoder-webm-vorbis: bf7c407c2cedff20999df2af8eb42d56 -> 
========================================================================
Received Prepare
Registering precompiled user dll's ...
Registered in 0.003801 seconds.
Begin MonoManager ReloadAssembly
Native extension for WindowsStandalone target not found
Refreshing native plugins compatible for Editor in 0.63 ms, found 3 plugins.
Preloading 0 native plugins for Editor in 0.00 ms.
Mono: successfully reloaded assembly
- Completed reload, in  1.535 seconds
Domain Reload Profiling:
	ReloadAssembly (1536ms)
		BeginReloadAssembly (182ms)
			ExecutionOrderSort (0ms)
			DisableScriptedObjects (11ms)
			BackupInstance (0ms)
			ReleaseScriptingObjects (0ms)
			CreateAndSetChildDomain (62ms)
		EndReloadAssembly (1262ms)
			LoadAssemblies (154ms)
			RebuildTransferFunctionScriptingTraits (0ms)
			SetupTypeCache (457ms)
			ReleaseScriptCaches (2ms)
			RebuildScriptCaches (69ms)
			SetupLoadedEditorAssemblies (441ms)
				LogAssemblyErrors (0ms)
				InitializePlatformSupportModulesInManaged (7ms)
				SetLoadedEditorAssemblies (1ms)
				RefreshPlugins (1ms)
				BeforeProcessingInitializeOnLoad (86ms)
				ProcessInitializeOnLoadAttributes (318ms)
				ProcessInitializeOnLoadMethodAttributes (25ms)
				AfterProcessingInitializeOnLoad (3ms)
				EditorAssembliesLoaded (0ms)
			ExecutionOrderSort2 (0ms)
			AwakeInstancesAfterBackupRestoration (7ms)
Platform modules already initialized, skipping
Refreshing native plugins compatible for Editor in 0.85 ms, found 3 plugins.
Preloading 0 native plugins for Editor in 0.00 ms.
Unloading 2215 Unused Serialized files (Serialized files now loaded: 0)
System memory in use before: 101.8 MB.
System memory in use after: 101.9 MB.

Unloading 20 unused Assets to reduce memory usage. Loaded Objects now: 2801.
Total: 6.698100 ms (FindLiveObjects: 0.253600 ms CreateObjectMapping: 0.194700 ms MarkObjects: 6.049600 ms  DeleteObjects: 0.198300 ms)

AssetImportParameters requested are different than current active one (requested -> active):
  custom:framework-win-MediaFoundation: 216162199b28c13a410421893ffa2e32 -> 
  custom:video-decoder-ogg-theora: a1e56fd34408186e4bbccfd4996cb3dc -> 
  custom:container-muxer-webm: aa71ff27fc2769a1b78a27578f13a17b -> 
  custom:container-demuxer-webm: 4f35f7cbe854078d1ac9338744f61a02 -> 
  custom:container-demuxer-ogg: 62fdf1f143b41e24485cea50d1cbac27 -> 
  custom:video-encoder-webm-vp8: eb34c28f22e8b96e1ab97ce403110664 -> 
  custom:video-decoder-webm-vp8: 9c59270c3fd7afecdb556c50c9e8de78 -> 
  custom:audio-decoder-ogg-vorbis: bf7c407c2cedff20999df2af8eb42d56 -> 
  custom:audio-encoder-webm-vorbis: bf7c407c2cedff20999df2af8eb42d56 -> 
========================================================================
Received Import Request.
  Time since last request: 58.205222 seconds.
  path: Assets/Scenes/animation/pepl
  artifactKey: Guid(3f843db0dd7210b409fc6b4ce496e877) Importer(815301076,1909f56bfc062723c751e8b465ee728b)
Start importing Assets/Scenes/animation/pepl using Guid(3f843db0dd7210b409fc6b4ce496e877) Importer(815301076,1909f56bfc062723c751e8b465ee728b)  -> (artifact id: 'ecb6420cbf74e99f6657f4d715bab25a') in 0.019555 seconds 
========================================================================
Received Import Request.
  Time since last request: 6.801466 seconds.
  path: Assets/Scenes/animation/pepl/pepl.controller
  artifactKey: Guid(2a84238b165c5d14c8fa1794b64c9048) Importer(815301076,1909f56bfc062723c751e8b465ee728b)
Start importing Assets/Scenes/animation/pepl/pepl.controller using Guid(2a84238b165c5d14c8fa1794b64c9048) Importer(815301076,1909f56bfc062723c751e8b465ee728b)  -> (artifact id: '69a1ddf45cdd6e9a8c3b0893f0a4f2e4') in 0.023743 seconds 
========================================================================
Received Import Request.
  Time since last request: 52.998615 seconds.
  path: Assets/Scenes/animation/zomb
  artifactKey: Guid(86638345044ac6d4a8182268ea1db82b) Importer(815301076,1909f56bfc062723c751e8b465ee728b)
Start importing Assets/Scenes/animation/zomb using Guid(86638345044ac6d4a8182268ea1db82b) Importer(815301076,1909f56bfc062723c751e8b465ee728b)  -> (artifact id: '564ecf7547994f20475ff3a95e74d977') in 0.013056 seconds 
========================================================================
Received Import Request.
  Time since last request: 8.766089 seconds.
  path: Assets/Scenes/animation/zomb/zomb.controller
  artifactKey: Guid(e33b9fccd7485774282fe34948d64d2a) Importer(815301076,1909f56bfc062723c751e8b465ee728b)
Start importing Assets/Scenes/animation/zomb/zomb.controller using Guid(e33b9fccd7485774282fe34948d64d2a) Importer(815301076,1909f56bfc062723c751e8b465ee728b)  -> (artifact id: '7270daa5e522bca203ac900b55811768') in 0.006740 seconds 
========================================================================
Received Prepare
Registering precompiled user dll's ...
Registered in 0.003921 seconds.
Begin MonoManager ReloadAssembly
Native extension for WindowsStandalone target not found
Refreshing native plugins compatible for Editor in 0.63 ms, found 3 plugins.
Preloading 0 native plugins for Editor in 0.00 ms.
Mono: successfully reloaded assembly
- Completed reload, in  1.431 seconds
Domain Reload Profiling:
	ReloadAssembly (1432ms)
		BeginReloadAssembly (153ms)
			ExecutionOrderSort (0ms)
			DisableScriptedObjects (11ms)
			BackupInstance (0ms)
			ReleaseScriptingObjects (0ms)
			CreateAndSetChildDomain (47ms)
		EndReloadAssembly (1196ms)
			LoadAssemblies (141ms)
			RebuildTransferFunctionScriptingTraits (0ms)
			SetupTypeCache (425ms)
			ReleaseScriptCaches (1ms)
			RebuildScriptCaches (71ms)
			SetupLoadedEditorAssemblies (421ms)
				LogAssemblyErrors (0ms)
				InitializePlatformSupportModulesInManaged (6ms)
				SetLoadedEditorAssemblies (1ms)
				RefreshPlugins (1ms)
				BeforeProcessingInitializeOnLoad (87ms)
				ProcessInitializeOnLoadAttributes (300ms)
				ProcessInitializeOnLoadMethodAttributes (23ms)
				AfterProcessingInitializeOnLoad (3ms)
				EditorAssembliesLoaded (0ms)
			ExecutionOrderSort2 (0ms)
			AwakeInstancesAfterBackupRestoration (6ms)
Platform modules already initialized, skipping
Refreshing native plugins compatible for Editor in 0.68 ms, found 3 plugins.
Preloading 0 native plugins for Editor in 0.00 ms.
Unloading 2215 Unused Serialized files (Serialized files now loaded: 0)
System memory in use before: 101.8 MB.
System memory in use after: 101.9 MB.

Unloading 20 unused Assets to reduce memory usage. Loaded Objects now: 2804.
Total: 5.431100 ms (FindLiveObjects: 0.336700 ms CreateObjectMapping: 0.279300 ms MarkObjects: 4.622900 ms  DeleteObjects: 0.190900 ms)

AssetImportParameters requested are different than current active one (requested -> active):
  custom:framework-win-MediaFoundation: 216162199b28c13a410421893ffa2e32 -> 
  custom:video-decoder-ogg-theora: a1e56fd34408186e4bbccfd4996cb3dc -> 
  custom:container-muxer-webm: aa71ff27fc2769a1b78a27578f13a17b -> 
  custom:container-demuxer-webm: 4f35f7cbe854078d1ac9338744f61a02 -> 
  custom:container-demuxer-ogg: 62fdf1f143b41e24485cea50d1cbac27 -> 
  custom:video-encoder-webm-vp8: eb34c28f22e8b96e1ab97ce403110664 -> 
  custom:video-decoder-webm-vp8: 9c59270c3fd7afecdb556c50c9e8de78 -> 
  custom:audio-decoder-ogg-vorbis: bf7c407c2cedff20999df2af8eb42d56 -> 
  custom:audio-encoder-webm-vorbis: bf7c407c2cedff20999df2af8eb42d56 -> 
AssetImportWorkerClient::OnTransportError - code=2 error=End of file
